app/build/intermediates/manifest_merge_blame_file/debug/manifest-merger-blame-debug-report.txt
1<?xml version="1.0" encoding="utf-8"?>
2<manifest xmlns:android="http://schemas.android.com/apk/res/android"
3    package="com.lutech.baseproject"
4    android:versionCode="1"
5    android:versionName="1.0" >
6
7    <uses-sdk
8        android:minSdkVersion="21"
8-->src\main\AndroidManifest.xml
9        android:targetSdkVersion="33" />
9-->src\main\AndroidManifest.xml
10
11    <uses-permission android:name="android.permission.INTERNET" />
11-->src\main\AndroidManifest.xml:6:5-67
11-->src\main\AndroidManifest.xml:6:22-64
12    <uses-permission android:name="android.permission.ACCESS_NETWORK_STATE" />
12-->src\main\AndroidManifest.xml:7:5-79
12-->src\main\AndroidManifest.xml:7:22-76
13    <uses-permission android:name="android.permission.ACCESS_WIFI_STATE" />
13-->src\main\AndroidManifest.xml:8:5-76
13-->src\main\AndroidManifest.xml:8:22-73
14    <uses-permission android:name="android.permission.POST_NOTIFICATIONS" />
14-->[com.google.firebase:firebase-messaging:23.0.8] AndroidManifest.xml:26:5-77
14-->[com.google.firebase:firebase-messaging:23.0.8] AndroidManifest.xml:26:22-74
15    <uses-permission android:name="android.permission.WAKE_LOCK" /> <!-- Required by older versions of Google Play services to create IID tokens -->
15-->[com.google.firebase:firebase-messaging:23.0.8] AndroidManifest.xml:27:5-68
15-->[com.google.firebase:firebase-messaging:23.0.8] AndroidManifest.xml:27:22-65
16    <uses-permission android:name="com.google.android.c2dm.permission.RECEIVE" />
16-->[com.google.firebase:firebase-messaging:23.0.8] AndroidManifest.xml:29:5-82
16-->[com.google.firebase:firebase-messaging:23.0.8] AndroidManifest.xml:29:22-79
17    <uses-permission android:name="com.google.android.finsky.permission.BIND_GET_INSTALL_REFERRER_SERVICE" />
17-->[com.google.android.gms:play-services-measurement:21.2.0] AndroidManifest.xml:26:5-110
17-->[com.google.android.gms:play-services-measurement:21.2.0] AndroidManifest.xml:26:22-107
18    <uses-permission android:name="com.google.android.gms.permission.AD_ID" /> <!-- Android package visibility setting -->
18-->[com.google.android.gms:play-services-measurement-api:21.2.0] AndroidManifest.xml:25:5-79
18-->[com.google.android.gms:play-services-measurement-api:21.2.0] AndroidManifest.xml:25:22-76
19    <queries>
19-->[com.google.android.gms:play-services-ads-lite:21.0.0] AndroidManifest.xml:28:5-44:15
20
21        <!-- For browser content -->
22        <intent>
22-->[com.google.android.gms:play-services-ads-lite:21.0.0] AndroidManifest.xml:31:9-37:18
23            <action android:name="android.intent.action.VIEW" />
23-->[com.google.android.gms:play-services-ads-lite:21.0.0] AndroidManifest.xml:32:13-65
23-->[com.google.android.gms:play-services-ads-lite:21.0.0] AndroidManifest.xml:32:21-62
24
25            <category android:name="android.intent.category.BROWSABLE" />
25-->[com.google.android.gms:play-services-ads-lite:21.0.0] AndroidManifest.xml:34:13-74
25-->[com.google.android.gms:play-services-ads-lite:21.0.0] AndroidManifest.xml:34:23-71
26
27            <data android:scheme="https" />
27-->[com.google.android.gms:play-services-ads-lite:21.0.0] AndroidManifest.xml:36:13-44
27-->[com.google.android.gms:play-services-ads-lite:21.0.0] AndroidManifest.xml:36:19-41
28        </intent>
29        <!-- End of browser content -->
30        <!-- For CustomTabsService -->
31        <intent>
31-->[com.google.android.gms:play-services-ads-lite:21.0.0] AndroidManifest.xml:40:9-42:18
32            <action android:name="android.support.customtabs.action.CustomTabsService" />
32-->[com.google.android.gms:play-services-ads-lite:21.0.0] AndroidManifest.xml:41:13-90
32-->[com.google.android.gms:play-services-ads-lite:21.0.0] AndroidManifest.xml:41:21-87
33        </intent>
34        <!-- End of CustomTabsService -->
35    </queries>
36
37    <uses-permission android:name="android.permission.RECEIVE_BOOT_COMPLETED" />
37-->[androidx.work:work-runtime:2.7.0] AndroidManifest.xml:27:5-81
37-->[androidx.work:work-runtime:2.7.0] AndroidManifest.xml:27:22-78
38    <uses-permission android:name="android.permission.FOREGROUND_SERVICE" />
38-->[androidx.work:work-runtime:2.7.0] AndroidManifest.xml:28:5-77
38-->[androidx.work:work-runtime:2.7.0] AndroidManifest.xml:28:22-74
39
40    <permission
40-->[androidx.core:core:1.9.0] AndroidManifest.xml:22:5-24:47
41        android:name="com.lutech.baseproject.DYNAMIC_RECEIVER_NOT_EXPORTED_PERMISSION"
41-->[androidx.core:core:1.9.0] AndroidManifest.xml:23:9-81
42        android:protectionLevel="signature" />
42-->[androidx.core:core:1.9.0] AndroidManifest.xml:24:9-44
43
44    <uses-permission android:name="com.lutech.baseproject.DYNAMIC_RECEIVER_NOT_EXPORTED_PERMISSION" />
44-->[androidx.core:core:1.9.0] AndroidManifest.xml:26:5-97
44-->[androidx.core:core:1.9.0] AndroidManifest.xml:26:22-94
45    <uses-permission android:name="com.android.vending.BILLING" />
45-->[com.android.billingclient:billing:4.0.0] AndroidManifest.xml:10:5-67
45-->[com.android.billingclient:billing:4.0.0] AndroidManifest.xml:10:22-64
46
47    <application
47-->src\main\AndroidManifest.xml:10:5-103:19
48        android:allowBackup="true"
48-->src\main\AndroidManifest.xml:11:9-35
49        android:appComponentFactory="androidx.core.app.CoreComponentFactory"
49-->[androidx.core:core:1.9.0] AndroidManifest.xml:28:18-86
50        android:dataExtractionRules="@xml/data_extraction_rules"
50-->src\main\AndroidManifest.xml:12:9-65
51        android:debuggable="true"
52        android:fullBackupContent="@xml/backup_rules"
52-->src\main\AndroidManifest.xml:13:9-54
53        android:icon="@mipmap/ic_launcher"
53-->src\main\AndroidManifest.xml:14:9-43
54        android:label="@string/app_name"
54-->src\main\AndroidManifest.xml:15:9-41
55        android:networkSecurityConfig="@xml/network_security_config"
55-->src\main\AndroidManifest.xml:16:9-69
56        android:roundIcon="@mipmap/ic_launcher_round"
56-->src\main\AndroidManifest.xml:17:9-54
57        android:supportsRtl="true"
57-->src\main\AndroidManifest.xml:18:9-35
58        android:testOnly="true"
59        android:theme="@style/Theme.BaseProject" >
59-->src\main\AndroidManifest.xml:19:9-49
60        <activity
60-->src\main\AndroidManifest.xml:21:9-33:20
61            android:name="com.lutech.baseproject.MainActivity"
61-->src\main\AndroidManifest.xml:22:13-41
62            android:exported="true" >
62-->src\main\AndroidManifest.xml:23:13-36
63            <intent-filter>
63-->src\main\AndroidManifest.xml:24:13-28:29
64                <action android:name="android.intent.action.MAIN" />
64-->src\main\AndroidManifest.xml:25:17-69
64-->src\main\AndroidManifest.xml:25:25-66
65
66                <category android:name="android.intent.category.LAUNCHER" />
66-->src\main\AndroidManifest.xml:27:17-77
66-->src\main\AndroidManifest.xml:27:27-74
67            </intent-filter>
68
69            <meta-data
69-->src\main\AndroidManifest.xml:30:13-32:36
70                android:name="android.app.lib_name"
70-->src\main\AndroidManifest.xml:31:17-52
71                android:value="" />
71-->src\main\AndroidManifest.xml:32:17-33
72        </activity>
73        <activity
73-->src\main\AndroidManifest.xml:35:9-41:20
74            android:name="com.lutech.baseproject.language.activity.LanguageActivity"
74-->src\main\AndroidManifest.xml:36:13-63
75            android:exported="false" >
75-->src\main\AndroidManifest.xml:37:13-37
76            <meta-data
76-->src\main\AndroidManifest.xml:30:13-32:36
77                android:name="android.app.lib_name"
77-->src\main\AndroidManifest.xml:31:17-52
78                android:value="" />
78-->src\main\AndroidManifest.xml:32:17-33
79        </activity>
80        <activity
80-->src\main\AndroidManifest.xml:42:9-55:20
81            android:name="com.lutech.baseproject.SplashActivity"
81-->src\main\AndroidManifest.xml:43:13-43
82            android:exported="true"
82-->src\main\AndroidManifest.xml:44:13-36
83            android:screenOrientation="portrait" >
83-->src\main\AndroidManifest.xml:45:13-49
84            <intent-filter>
84-->src\main\AndroidManifest.xml:24:13-28:29
85                <action android:name="android.intent.action.MAIN" />
85-->src\main\AndroidManifest.xml:25:17-69
85-->src\main\AndroidManifest.xml:25:25-66
86
87                <category android:name="android.intent.category.LAUNCHER" />
87-->src\main\AndroidManifest.xml:27:17-77
87-->src\main\AndroidManifest.xml:27:27-74
88            </intent-filter>
89
90            <meta-data
90-->src\main\AndroidManifest.xml:30:13-32:36
91                android:name="android.app.lib_name"
91-->src\main\AndroidManifest.xml:31:17-52
92                android:value="" />
92-->src\main\AndroidManifest.xml:32:17-33
93        </activity>
94
95        <meta-data
95-->src\main\AndroidManifest.xml:57:9-59:35
96            android:name="com.google.firebase.ml.vision.DEPENDENCIES"
96-->src\main\AndroidManifest.xml:58:13-70
97            android:value="ocr" />
97-->src\main\AndroidManifest.xml:59:13-32
98        <meta-data
98-->src\main\AndroidManifest.xml:60:9-62:50
99            android:name="com.google.android.gms.ads.APPLICATION_ID"
99-->src\main\AndroidManifest.xml:61:13-69
100            android:value="@string/ads_app_id" />
100-->src\main\AndroidManifest.xml:62:13-47
101
102        <activity
102-->src\main\AndroidManifest.xml:64:9-71:20
103            android:name="com.lutech.baseproject.ads.welcome.WelcomeBackActivity"
103-->src\main\AndroidManifest.xml:65:13-60
104            android:exported="false"
104-->src\main\AndroidManifest.xml:66:13-37
105            android:screenOrientation="nosensor" >
105-->src\main\AndroidManifest.xml:67:13-49
106            <meta-data
106-->src\main\AndroidManifest.xml:30:13-32:36
107                android:name="android.app.lib_name"
107-->src\main\AndroidManifest.xml:31:17-52
108                android:value="" />
108-->src\main\AndroidManifest.xml:32:17-33
109        </activity>
110
111        <service
111-->src\main\AndroidManifest.xml:74:9-80:19
112            android:name="com.lutech.baseproject.Notification.MyFirebaseMessageService"
112-->src\main\AndroidManifest.xml:75:13-66
113            android:exported="false" >
113-->src\main\AndroidManifest.xml:76:13-37
114            <intent-filter>
114-->src\main\AndroidManifest.xml:77:13-79:29
115                <action android:name="com.google.firebase.MESSAGING_EVENT" />
115-->src\main\AndroidManifest.xml:78:17-78
115-->src\main\AndroidManifest.xml:78:25-75
116            </intent-filter>
117        </service>
118
119        <receiver
119-->src\main\AndroidManifest.xml:82:9-89:20
120            android:name="com.adjust.sdk.AdjustReferrerReceiver"
120-->src\main\AndroidManifest.xml:83:13-65
121            android:exported="true"
121-->src\main\AndroidManifest.xml:84:13-36
122            android:permission="android.permission.INSTALL_PACKAGES" >
122-->src\main\AndroidManifest.xml:85:13-69
123            <intent-filter>
123-->src\main\AndroidManifest.xml:86:13-88:29
124                <action android:name="com.android.vending.INSTALL_REFERRER" />
124-->src\main\AndroidManifest.xml:87:17-79
124-->src\main\AndroidManifest.xml:87:25-76
125            </intent-filter>
126        </receiver>
127
128        <activity
128-->src\main\AndroidManifest.xml:91:9-95:52
129            android:name="com.facebook.FacebookActivity"
129-->src\main\AndroidManifest.xml:92:13-57
130            android:configChanges="keyboard|keyboardHidden|screenLayout|screenSize|orientation"
130-->src\main\AndroidManifest.xml:93:13-96
131            android:label="@string/app_name"
131-->src\main\AndroidManifest.xml:94:13-45
132            android:screenOrientation="nosensor"
132-->src\main\AndroidManifest.xml:95:13-49
133            android:theme="@style/com_facebook_activity_theme" />
133-->[com.facebook.android:facebook-common:4.42.0] AndroidManifest.xml:32:13-63
134
135        <meta-data
135-->src\main\AndroidManifest.xml:97:9-99:55
136            android:name="com.google.firebase.messaging.default_notification_color"
136-->src\main\AndroidManifest.xml:98:13-84
137            android:resource="@color/color_primary" />
137-->src\main\AndroidManifest.xml:99:13-52
138        <meta-data
138-->src\main\AndroidManifest.xml:100:9-102:55
139            android:name="com.facebook.sdk.ApplicationId"
139-->src\main\AndroidManifest.xml:101:13-58
140            android:value="@string/facebook_app_id" />
140-->src\main\AndroidManifest.xml:102:13-52
141
142        <activity
142-->[cat.ereza:customactivityoncrash:2.4.0] AndroidManifest.xml:10:9-12:49
143            android:name="cat.ereza.customactivityoncrash.activity.DefaultErrorActivity"
143-->[cat.ereza:customactivityoncrash:2.4.0] AndroidManifest.xml:11:13-89
144            android:process=":error_activity" />
144-->[cat.ereza:customactivityoncrash:2.4.0] AndroidManifest.xml:12:13-46
145
146        <provider
146-->[cat.ereza:customactivityoncrash:2.4.0] AndroidManifest.xml:14:9-18:39
147            android:name="cat.ereza.customactivityoncrash.provider.CaocInitProvider"
147-->[cat.ereza:customactivityoncrash:2.4.0] AndroidManifest.xml:15:13-85
148            android:authorities="com.lutech.baseproject.customactivityoncrashinitprovider"
148-->[cat.ereza:customactivityoncrash:2.4.0] AndroidManifest.xml:16:13-85
149            android:exported="false"
149-->[cat.ereza:customactivityoncrash:2.4.0] AndroidManifest.xml:17:13-37
150            android:initOrder="101" />
150-->[cat.ereza:customactivityoncrash:2.4.0] AndroidManifest.xml:18:13-36
151
152        <activity android:name="com.facebook.CustomTabMainActivity" />
152-->[com.facebook.android:facebook-common:4.42.0] AndroidManifest.xml:33:9-71
152-->[com.facebook.android:facebook-common:4.42.0] AndroidManifest.xml:33:19-68
153        <activity android:name="com.facebook.CustomTabActivity" />
153-->[com.facebook.android:facebook-common:4.42.0] AndroidManifest.xml:34:9-67
153-->[com.facebook.android:facebook-common:4.42.0] AndroidManifest.xml:34:19-64
154
155        <receiver
155-->[com.google.firebase:firebase-messaging:23.0.8] AndroidManifest.xml:32:9-39:20
156            android:name="com.google.firebase.iid.FirebaseInstanceIdReceiver"
156-->[com.google.firebase:firebase-messaging:23.0.8] AndroidManifest.xml:33:13-78
157            android:exported="true"
157-->[com.google.firebase:firebase-messaging:23.0.8] AndroidManifest.xml:34:13-36
158            android:permission="com.google.android.c2dm.permission.SEND" >
158-->[com.google.firebase:firebase-messaging:23.0.8] AndroidManifest.xml:35:13-73
159            <intent-filter>
159-->[com.google.firebase:firebase-messaging:23.0.8] AndroidManifest.xml:36:13-38:29
160                <action android:name="com.google.android.c2dm.intent.RECEIVE" />
160-->[com.google.firebase:firebase-messaging:23.0.8] AndroidManifest.xml:37:17-81
160-->[com.google.firebase:firebase-messaging:23.0.8] AndroidManifest.xml:37:25-78
161            </intent-filter>
162        </receiver>
163        <!--
164             FirebaseMessagingService performs security checks at runtime,
165             but set to not exported to explicitly avoid allowing another app to call it.
166        -->
167        <service
167-->[com.google.firebase:firebase-messaging:23.0.8] AndroidManifest.xml:45:9-52:19
168            android:name="com.google.firebase.messaging.FirebaseMessagingService"
168-->[com.google.firebase:firebase-messaging:23.0.8] AndroidManifest.xml:46:13-82
169            android:directBootAware="true"
169-->[com.google.firebase:firebase-messaging:23.0.8] AndroidManifest.xml:47:13-43
170            android:exported="false" >
170-->[com.google.firebase:firebase-messaging:23.0.8] AndroidManifest.xml:48:13-37
171            <intent-filter android:priority="-500" >
171-->src\main\AndroidManifest.xml:77:13-79:29
172                <action android:name="com.google.firebase.MESSAGING_EVENT" />
172-->src\main\AndroidManifest.xml:78:17-78
172-->src\main\AndroidManifest.xml:78:25-75
173            </intent-filter>
174        </service>
175        <service
175-->[com.google.firebase:firebase-messaging:23.0.8] AndroidManifest.xml:53:9-59:19
176            android:name="com.google.firebase.components.ComponentDiscoveryService"
176-->[com.google.firebase:firebase-messaging:23.0.8] AndroidManifest.xml:54:13-84
177            android:directBootAware="true"
177-->[com.google.firebase:firebase-common:20.2.0] AndroidManifest.xml:34:13-43
178            android:exported="false" >
178-->[com.google.firebase:firebase-messaging:23.0.8] AndroidManifest.xml:55:13-37
179            <meta-data
179-->[com.google.firebase:firebase-messaging:23.0.8] AndroidManifest.xml:56:13-58:85
180                android:name="com.google.firebase.components:com.google.firebase.messaging.FirebaseMessagingRegistrar"
180-->[com.google.firebase:firebase-messaging:23.0.8] AndroidManifest.xml:57:17-119
181                android:value="com.google.firebase.components.ComponentRegistrar" />
181-->[com.google.firebase:firebase-messaging:23.0.8] AndroidManifest.xml:58:17-82
182            <meta-data
182-->[com.google.firebase:firebase-database:20.0.6] AndroidManifest.xml:32:13-34:85
183                android:name="com.google.firebase.components:com.google.firebase.database.DatabaseRegistrar"
183-->[com.google.firebase:firebase-database:20.0.6] AndroidManifest.xml:33:17-109
184                android:value="com.google.firebase.components.ComponentRegistrar" />
184-->[com.google.firebase:firebase-database:20.0.6] AndroidManifest.xml:34:17-82
185            <meta-data
185-->[com.google.firebase:firebase-firestore:24.3.1] AndroidManifest.xml:20:13-22:85
186                android:name="com.google.firebase.components:com.google.firebase.firestore.FirestoreRegistrar"
186-->[com.google.firebase:firebase-firestore:24.3.1] AndroidManifest.xml:21:17-111
187                android:value="com.google.firebase.components.ComponentRegistrar" />
187-->[com.google.firebase:firebase-firestore:24.3.1] AndroidManifest.xml:22:17-82
188            <meta-data
188-->[com.google.android.gms:play-services-measurement-api:21.2.0] AndroidManifest.xml:31:13-33:85
189                android:name="com.google.firebase.components:com.google.firebase.analytics.connector.internal.AnalyticsConnectorRegistrar"
189-->[com.google.android.gms:play-services-measurement-api:21.2.0] AndroidManifest.xml:32:17-139
190                android:value="com.google.firebase.components.ComponentRegistrar" />
190-->[com.google.android.gms:play-services-measurement-api:21.2.0] AndroidManifest.xml:33:17-82
191            <meta-data
191-->[com.google.firebase:firebase-config:21.1.2] AndroidManifest.xml:32:13-34:85
192                android:name="com.google.firebase.components:com.google.firebase.remoteconfig.RemoteConfigRegistrar"
192-->[com.google.firebase:firebase-config:21.1.2] AndroidManifest.xml:33:17-117
193                android:value="com.google.firebase.components.ComponentRegistrar" />
193-->[com.google.firebase:firebase-config:21.1.2] AndroidManifest.xml:34:17-82
194            <meta-data
194-->[com.google.firebase:firebase-crashlytics:18.2.13] AndroidManifest.xml:18:13-20:85
195                android:name="com.google.firebase.components:com.google.firebase.crashlytics.CrashlyticsRegistrar"
195-->[com.google.firebase:firebase-crashlytics:18.2.13] AndroidManifest.xml:19:17-115
196                android:value="com.google.firebase.components.ComponentRegistrar" />
196-->[com.google.firebase:firebase-crashlytics:18.2.13] AndroidManifest.xml:20:17-82
197            <meta-data
197-->[com.google.firebase:firebase-installations:17.0.2] AndroidManifest.xml:18:13-20:85
198                android:name="com.google.firebase.components:com.google.firebase.installations.FirebaseInstallationsRegistrar"
198-->[com.google.firebase:firebase-installations:17.0.2] AndroidManifest.xml:19:17-127
199                android:value="com.google.firebase.components.ComponentRegistrar" />
199-->[com.google.firebase:firebase-installations:17.0.2] AndroidManifest.xml:20:17-82
200            <meta-data
200-->[com.google.firebase:firebase-datatransport:18.1.6] AndroidManifest.xml:28:13-30:85
201                android:name="com.google.firebase.components:com.google.firebase.datatransport.TransportRegistrar"
201-->[com.google.firebase:firebase-datatransport:18.1.6] AndroidManifest.xml:29:17-115
202                android:value="com.google.firebase.components.ComponentRegistrar" />
202-->[com.google.firebase:firebase-datatransport:18.1.6] AndroidManifest.xml:30:17-82
203            <meta-data
203-->[com.google.firebase:firebase-abt:21.0.2] AndroidManifest.xml:13:13-15:85
204                android:name="com.google.firebase.components:com.google.firebase.abt.component.AbtRegistrar"
204-->[com.google.firebase:firebase-abt:21.0.2] AndroidManifest.xml:14:17-109
205                android:value="com.google.firebase.components.ComponentRegistrar" />
205-->[com.google.firebase:firebase-abt:21.0.2] AndroidManifest.xml:15:17-82
206        </service>
207
208        <receiver
208-->[com.google.android.gms:play-services-measurement:21.2.0] AndroidManifest.xml:29:9-33:20
209            android:name="com.google.android.gms.measurement.AppMeasurementReceiver"
209-->[com.google.android.gms:play-services-measurement:21.2.0] AndroidManifest.xml:30:13-85
210            android:enabled="true"
210-->[com.google.android.gms:play-services-measurement:21.2.0] AndroidManifest.xml:31:13-35
211            android:exported="false" >
211-->[com.google.android.gms:play-services-measurement:21.2.0] AndroidManifest.xml:32:13-37
212        </receiver>
213
214        <service
214-->[com.google.android.gms:play-services-measurement:21.2.0] AndroidManifest.xml:35:9-38:40
215            android:name="com.google.android.gms.measurement.AppMeasurementService"
215-->[com.google.android.gms:play-services-measurement:21.2.0] AndroidManifest.xml:36:13-84
216            android:enabled="true"
216-->[com.google.android.gms:play-services-measurement:21.2.0] AndroidManifest.xml:37:13-35
217            android:exported="false" />
217-->[com.google.android.gms:play-services-measurement:21.2.0] AndroidManifest.xml:38:13-37
218        <service
218-->[com.google.android.gms:play-services-measurement:21.2.0] AndroidManifest.xml:39:9-43:72
219            android:name="com.google.android.gms.measurement.AppMeasurementJobService"
219-->[com.google.android.gms:play-services-measurement:21.2.0] AndroidManifest.xml:40:13-87
220            android:enabled="true"
220-->[com.google.android.gms:play-services-measurement:21.2.0] AndroidManifest.xml:41:13-35
221            android:exported="false"
221-->[com.google.android.gms:play-services-measurement:21.2.0] AndroidManifest.xml:42:13-37
222            android:permission="android.permission.BIND_JOB_SERVICE" /> <!-- Include the AdActivity and InAppPurchaseActivity configChanges and themes. -->
222-->[com.google.android.gms:play-services-measurement:21.2.0] AndroidManifest.xml:43:13-69
223        <activity
223-->[com.google.android.gms:play-services-ads-lite:21.0.0] AndroidManifest.xml:49:9-53:64
224            android:name="com.google.android.gms.ads.AdActivity"
224-->[com.google.android.gms:play-services-ads-lite:21.0.0] AndroidManifest.xml:50:13-65
225            android:configChanges="keyboard|keyboardHidden|orientation|screenLayout|uiMode|screenSize|smallestScreenSize"
225-->[com.google.android.gms:play-services-ads-lite:21.0.0] AndroidManifest.xml:51:13-122
226            android:exported="false"
226-->[com.google.android.gms:play-services-ads-lite:21.0.0] AndroidManifest.xml:52:13-37
227            android:theme="@android:style/Theme.Translucent" />
227-->[com.google.android.gms:play-services-ads-lite:21.0.0] AndroidManifest.xml:53:13-61
228
229        <provider
229-->[com.google.android.gms:play-services-ads-lite:21.0.0] AndroidManifest.xml:55:9-59:39
230            android:name="com.google.android.gms.ads.MobileAdsInitProvider"
230-->[com.google.android.gms:play-services-ads-lite:21.0.0] AndroidManifest.xml:56:13-76
231            android:authorities="com.lutech.baseproject.mobileadsinitprovider"
231-->[com.google.android.gms:play-services-ads-lite:21.0.0] AndroidManifest.xml:57:13-73
232            android:exported="false"
232-->[com.google.android.gms:play-services-ads-lite:21.0.0] AndroidManifest.xml:58:13-37
233            android:initOrder="100" />
233-->[com.google.android.gms:play-services-ads-lite:21.0.0] AndroidManifest.xml:59:13-36
234
235        <service
235-->[com.google.android.gms:play-services-ads-lite:21.0.0] AndroidManifest.xml:61:9-64:40
236            android:name="com.google.android.gms.ads.AdService"
236-->[com.google.android.gms:play-services-ads-lite:21.0.0] AndroidManifest.xml:62:13-64
237            android:enabled="true"
237-->[com.google.android.gms:play-services-ads-lite:21.0.0] AndroidManifest.xml:63:13-35
238            android:exported="false" />
238-->[com.google.android.gms:play-services-ads-lite:21.0.0] AndroidManifest.xml:64:13-37
239
240        <activity
240-->[com.google.android.gms:play-services-base:18.0.1] AndroidManifest.xml:20:9-22:45
241            android:name="com.google.android.gms.common.api.GoogleApiActivity"
241-->[com.google.android.gms:play-services-base:18.0.1] AndroidManifest.xml:20:19-85
242            android:exported="false"
242-->[com.google.android.gms:play-services-base:18.0.1] AndroidManifest.xml:22:19-43
243            android:theme="@android:style/Theme.Translucent.NoTitleBar" />
243-->[com.google.android.gms:play-services-base:18.0.1] AndroidManifest.xml:21:19-78
244
245        <provider
245-->[com.google.firebase:firebase-common:20.2.0] AndroidManifest.xml:25:9-30:39
246            android:name="com.google.firebase.provider.FirebaseInitProvider"
246-->[com.google.firebase:firebase-common:20.2.0] AndroidManifest.xml:26:13-77
247            android:authorities="com.lutech.baseproject.firebaseinitprovider"
247-->[com.google.firebase:firebase-common:20.2.0] AndroidManifest.xml:27:13-72
248            android:directBootAware="true"
248-->[com.google.firebase:firebase-common:20.2.0] AndroidManifest.xml:28:13-43
249            android:exported="false"
249-->[com.google.firebase:firebase-common:20.2.0] AndroidManifest.xml:29:13-37
250            android:initOrder="100" />
250-->[com.google.firebase:firebase-common:20.2.0] AndroidManifest.xml:30:13-36
251
252        <meta-data
252-->[com.google.android.gms:play-services-basement:18.1.0] AndroidManifest.xml:21:9-23:69
253            android:name="com.google.android.gms.version"
253-->[com.google.android.gms:play-services-basement:18.1.0] AndroidManifest.xml:22:13-58
254            android:value="@integer/google_play_services_version" />
254-->[com.google.android.gms:play-services-basement:18.1.0] AndroidManifest.xml:23:13-66
255
256        <provider
256-->[androidx.emoji2:emoji2:1.2.0] AndroidManifest.xml:24:9-32:20
257            android:name="androidx.startup.InitializationProvider"
257-->[androidx.emoji2:emoji2:1.2.0] AndroidManifest.xml:25:13-67
258            android:authorities="com.lutech.baseproject.androidx-startup"
258-->[androidx.emoji2:emoji2:1.2.0] AndroidManifest.xml:26:13-68
259            android:exported="false" >
259-->[androidx.emoji2:emoji2:1.2.0] AndroidManifest.xml:27:13-37
260            <meta-data
260-->[androidx.emoji2:emoji2:1.2.0] AndroidManifest.xml:29:13-31:52
261                android:name="androidx.emoji2.text.EmojiCompatInitializer"
261-->[androidx.emoji2:emoji2:1.2.0] AndroidManifest.xml:30:17-75
262                android:value="androidx.startup" />
262-->[androidx.emoji2:emoji2:1.2.0] AndroidManifest.xml:31:17-49
263            <meta-data
263-->[androidx.work:work-runtime:2.7.0] AndroidManifest.xml:36:13-38:52
264                android:name="androidx.work.WorkManagerInitializer"
264-->[androidx.work:work-runtime:2.7.0] AndroidManifest.xml:37:17-68
265                android:value="androidx.startup" />
265-->[androidx.work:work-runtime:2.7.0] AndroidManifest.xml:38:17-49
266            <meta-data
266-->[androidx.lifecycle:lifecycle-process:2.4.1] AndroidManifest.xml:31:13-33:52
267                android:name="androidx.lifecycle.ProcessLifecycleInitializer"
267-->[androidx.lifecycle:lifecycle-process:2.4.1] AndroidManifest.xml:32:17-78
268                android:value="androidx.startup" />
268-->[androidx.lifecycle:lifecycle-process:2.4.1] AndroidManifest.xml:33:17-49
269        </provider>
270        <!--
271         The initialization ContentProvider will call FacebookSdk.sdkInitialize automatically
272         with the application context. This config is merged in with the host app's manifest,
273         but there can only be one provider with the same authority activated at any given
274         point; so if the end user has two or more different apps that use Facebook SDK, only the
275         first one will be able to use the provider. To work around this problem, we use the
276         following placeholder in the authority to identify each host application as if it was
277         a completely different provider.
278        -->
279        <provider
279-->[com.facebook.android:facebook-core:4.42.0] AndroidManifest.xml:39:9-42:40
280            android:name="com.facebook.internal.FacebookInitProvider"
280-->[com.facebook.android:facebook-core:4.42.0] AndroidManifest.xml:40:13-70
281            android:authorities="com.lutech.baseproject.FacebookInitProvider"
281-->[com.facebook.android:facebook-core:4.42.0] AndroidManifest.xml:41:13-72
282            android:exported="false" />
282-->[com.facebook.android:facebook-core:4.42.0] AndroidManifest.xml:42:13-37
283
284        <receiver
284-->[com.facebook.android:facebook-core:4.42.0] AndroidManifest.xml:44:9-50:20
285            android:name="com.facebook.CurrentAccessTokenExpirationBroadcastReceiver"
285-->[com.facebook.android:facebook-core:4.42.0] AndroidManifest.xml:45:13-86
286            android:exported="false" >